[2026-04-01T13:19:57.076Z] Starting Listing Batch Buy Box check (Run ID: 33)
Retrieved 99 SKUs to monitor.
Checking batch of 20 SKUs...
Mapping result for SKU: OIL02H - 001 (ASIN: undefined) - Success: true
Mapping result for SKU: Chef William - 001 Uk shipping (ASIN: undefined) - Success: true
Mapping result for SKU: ACC01 - 001 (ASIN: undefined) - Success: true
Mapping result for SKU: OSPRIO019 - 001 (ASIN: undefined) - Success: true
Mapping result for SKU: HON27C - 002 (ASIN: undefined) - Success: true
Mapping result for SKU: ACC01 - 001 uk shipping (ASIN: undefined) - Success: true
Mapping result for SKU: CAL02 - 011 Prime (ASIN: undefined) - Success: true
Mapping result for SKU: MONINS27 - 003 (ASIN: undefined) - Success: true
Mapping result for SKU: BAK01B - 001 (ASIN: undefined) - Success: true
Mapping result for SKU: CHO31B - 016 (ASIN: undefined) - Success: true
Mapping result for SKU: CRI35 - 002  One Day (ASIN: undefined) - Success: true
Mapping result for SKU: CAL03A - 012 (ASIN: undefined) - Success: true
Mapping result for SKU: CAL03 - 010 Prime (ASIN: undefined) - Success: true
Mapping result for SKU: CHO31B - 014 (ASIN: undefined) - Success: true
Mapping result for SKU: OIL02H - 001 Prime (ASIN: undefined) - Success: true
Mapping result for SKU: ELSIN001 - 005 Prime (ASIN: undefined) - Success: true
Mapping result for SKU: GRA05 - 004 Prime (ASIN: undefined) - Success: true
Mapping result for SKU: ESS13 - 010 Prime (ASIN: undefined) - Success: true
Mapping result for SKU: VIN22B (ASIN: undefined) - Success: true
Mapping result for SKU: VIN16B - 002 Prime (ASIN: undefined) - Success: true
Checking batch of 20 SKUs...
Mapping result for SKU: UHT31B - 003 Prime (ASIN: undefined) - Success: true
Mapping result for SKU: ELSIN001 - 006 Prime (ASIN: undefined) - Success: true
Mapping result for SKU: FAT00C - 001 Prime (ASIN: undefined) - Success: true
Mapping result for SKU: BAR29 - 002 (ASIN: undefined) - Success: true
Mapping result for SKU: FRU60B - 003 Prime (ASIN: undefined) - Success: true
Mapping result for SKU: CRI50 - 001 (ASIN: undefined) - Success: true
Mapping result for SKU: ORI09C - 001 (ASIN: undefined) - Success: true
Mapping result for SKU: WRA02 - 001 (ASIN: undefined) - Success: true
Mapping result for SKU: UHT03B - 001 Prime (ASIN: undefined) - Success: true
Mapping result for SKU: CRI10 uk shipping (ASIN: undefined) - Success: true
Mapping result for SKU: TAYLOR001 - 001 (ASIN: undefined) - Success: true
Mapping result for SKU: BUNDLE001 - 002 (ASIN: undefined) - Success: true
Mapping result for SKU: TAYLOR010 - 004 Prime (ASIN: undefined) - Success: true
Mapping result for SKU: MED07E - 001 Prime (ASIN: undefined) - Success: true
Mapping result for SKU: CRI10  - 003 (ASIN: undefined) - Success: true
Mapping result for SKU: ELSIN001 - 001 (ASIN: undefined) - Success: true
Mapping result for SKU: TAYLOR012 - 001 Prime (ASIN: undefined) - Success: true
Mapping result for SKU: Bundle - 203 Prime (ASIN: undefined) - Success: true
Mapping result for SKU: CRI39 - 001 Prime (ASIN: undefined) - Success: true
Mapping result for SKU: CAMBR008 - 002 Prime (ASIN: undefined) - Success: true
Checking batch of 20 SKUs...
Mapping result for SKU: HOT04B - 005 (ASIN: undefined) - Success: true
Mapping result for SKU: CRUSHA001 - 003 Prime (ASIN: undefined) - Success: true
Mapping result for SKU: MONINS34 - 001 Prime (ASIN: undefined) - Success: true
Mapping result for SKU: BUNDLE007 - 001 (ASIN: undefined) - Success: true
Mapping result for SKU: FLORA004 - 001 (ASIN: undefined) - Success: true
Mapping result for SKU: PAS03 - 001 Prime (ASIN: undefined) - Success: true
Mapping result for SKU: SPI56A - 001 uk shipping (ASIN: undefined) - Success: true
Mapping result for SKU: FAT03C - 001 (ASIN: undefined) - Success: true
Mapping result for SKU: BUT25D (ASIN: undefined) - Success: true
Mapping result for SKU: MUSTAR03 - 001 One Day (ASIN: undefined) - Success: true
Mapping result for SKU: DRIPINE001 - 001 Prime (ASIN: undefined) - Success: true
Mapping result for SKU: SWE62 - 005 Prime (ASIN: undefined) - Success: true
Mapping result for SKU: CRI50 - 002 (ASIN: undefined) - Success: true
Mapping result for SKU: HEI44 - 001 - Prime (ASIN: undefined) - Success: true
Mapping result for SKU: DRI12 Prime (ASIN: undefined) - Success: true
Mapping result for SKU: CATER003 - 001 (ASIN: undefined) - Success: true
Mapping result for SKU: TAYLOR010 - 002 (ASIN: undefined) - Success: true
Mapping result for SKU: SUG16 - 002 Prime (ASIN: undefined) - Success: true
Mapping result for SKU: OIL02I - 001 One day (ASIN: undefined) - Success: true
Mapping result for SKU: HON27C - 002 Prime (ASIN: undefined) - Success: true
[2026-04-01T13:20:52.654Z] Starting Listing Batch Buy Box check (Run ID: 34)
Retrieved 99 SKUs to monitor.
Checking batch of 20 SKUs...
Mapping result for SKU: OIL02H - 001 (ASIN: undefined) - Success: true
Mapping result for SKU: Chef William - 001 Uk shipping (ASIN: undefined) - Success: true
Mapping result for SKU: ACC01 - 001 (ASIN: undefined) - Success: true
Mapping result for SKU: OSPRIO019 - 001 (ASIN: undefined) - Success: true
Mapping result for SKU: HON27C - 002 (ASIN: undefined) - Success: true
Mapping result for SKU: ACC01 - 001 uk shipping (ASIN: undefined) - Success: true
Mapping result for SKU: CAL02 - 011 Prime (ASIN: undefined) - Success: true
Mapping result for SKU: MONINS27 - 003 (ASIN: undefined) - Success: true
Mapping result for SKU: BAK01B - 001 (ASIN: undefined) - Success: true
Mapping result for SKU: CHO31B - 016 (ASIN: undefined) - Success: true
Mapping result for SKU: CRI35 - 002  One Day (ASIN: undefined) - Success: true
Mapping result for SKU: CAL03A - 012 (ASIN: undefined) - Success: true
Mapping result for SKU: CAL03 - 010 Prime (ASIN: undefined) - Success: true
Mapping result for SKU: CHO31B - 014 (ASIN: undefined) - Success: true
Mapping result for SKU: OIL02H - 001 Prime (ASIN: undefined) - Success: true
Mapping result for SKU: ELSIN001 - 005 Prime (ASIN: undefined) - Success: true
Mapping result for SKU: GRA05 - 004 Prime (ASIN: undefined) - Success: true
Mapping result for SKU: ESS13 - 010 Prime (ASIN: undefined) - Success: true
Mapping result for SKU: VIN22B (ASIN: undefined) - Success: true
Mapping result for SKU: VIN16B - 002 Prime (ASIN: undefined) - Success: true
Checking batch of 20 SKUs...
Mapping result for SKU: UHT31B - 003 Prime (ASIN: undefined) - Success: true
Mapping result for SKU: ELSIN001 - 006 Prime (ASIN: undefined) - Success: true
Mapping result for SKU: FAT00C - 001 Prime (ASIN: undefined) - Success: true
Mapping result for SKU: BAR29 - 002 (ASIN: undefined) - Success: true
Mapping result for SKU: FRU60B - 003 Prime (ASIN: undefined) - Success: true
Mapping result for SKU: CRI50 - 001 (ASIN: undefined) - Success: true
Mapping result for SKU: ORI09C - 001 (ASIN: undefined) - Success: true
Mapping result for SKU: WRA02 - 001 (ASIN: undefined) - Success: true
Mapping result for SKU: UHT03B - 001 Prime (ASIN: undefined) - Success: true
Mapping result for SKU: CRI10 uk shipping (ASIN: undefined) - Success: true
Mapping result for SKU: TAYLOR001 - 001 (ASIN: undefined) - Success: true
Mapping result for SKU: BUNDLE001 - 002 (ASIN: undefined) - Success: true
Mapping result for SKU: TAYLOR010 - 004 Prime (ASIN: undefined) - Success: true
Mapping result for SKU: MED07E - 001 Prime (ASIN: undefined) - Success: true
Mapping result for SKU: CRI10  - 003 (ASIN: undefined) - Success: true
Mapping result for SKU: ELSIN001 - 001 (ASIN: undefined) - Success: true
Mapping result for SKU: TAYLOR012 - 001 Prime (ASIN: undefined) - Success: true
Mapping result for SKU: Bundle - 203 Prime (ASIN: undefined) - Success: true
Mapping result for SKU: CRI39 - 001 Prime (ASIN: undefined) - Success: true
Mapping result for SKU: CAMBR008 - 002 Prime (ASIN: undefined) - Success: true
Checking batch of 20 SKUs...
Mapping result for SKU: HOT04B - 005 (ASIN: undefined) - Success: true
Mapping result for SKU: CRUSHA001 - 003 Prime (ASIN: undefined) - Success: true
Mapping result for SKU: MONINS34 - 001 Prime (ASIN: undefined) - Success: true
Mapping result for SKU: BUNDLE007 - 001 (ASIN: undefined) - Success: true
Mapping result for SKU: FLORA004 - 001 (ASIN: undefined) - Success: true
Mapping result for SKU: PAS03 - 001 Prime (ASIN: undefined) - Success: true
Mapping result for SKU: SPI56A - 001 uk shipping (ASIN: undefined) - Success: true
Mapping result for SKU: FAT03C - 001 (ASIN: undefined) - Success: true
Mapping result for SKU: BUT25D (ASIN: undefined) - Success: true
Mapping result for SKU: MUSTAR03 - 001 One Day (ASIN: undefined) - Success: true
Mapping result for SKU: DRIPINE001 - 001 Prime (ASIN: undefined) - Success: true
Mapping result for SKU: SWE62 - 005 Prime (ASIN: undefined) - Success: true
Mapping result for SKU: CRI50 - 002 (ASIN: undefined) - Success: true
Mapping result for SKU: HEI44 - 001 - Prime (ASIN: undefined) - Success: true
Mapping result for SKU: DRI12 Prime (ASIN: undefined) - Success: true
Mapping result for SKU: CATER003 - 001 (ASIN: undefined) - Success: true
Mapping result for SKU: TAYLOR010 - 002 (ASIN: undefined) - Success: true
Mapping result for SKU: SUG16 - 002 Prime (ASIN: undefined) - Success: true
Mapping result for SKU: OIL02I - 001 One day (ASIN: undefined) - Success: true
Mapping result for SKU: HON27C - 002 Prime (ASIN: undefined) - Success: true
Checking batch of 20 SKUs...
Mapping result for SKU: Bundle - 009 Prime (ASIN: undefined) - Success: true
Mapping result for SKU: CRUSHA004 - 001 (ASIN: undefined) - Success: true
Mapping result for SKU: VIN17 - 001 Prime (ASIN: undefined) - Success: true
Mapping result for SKU: VEG15E - 001 (ASIN: undefined) - Success: true
Mapping result for SKU: CAL28AB - 001 (ASIN: undefined) - Success: true
Mapping result for SKU: TAR10B - 010 Prime (ASIN: undefined) - Success: true
Mapping result for SKU: Bundle - 216 Prime (ASIN: undefined) - Success: true
Mapping result for SKU: CRI10 (ASIN: undefined) - Success: true
Mapping result for SKU: ELSIN001 - 007 (ASIN: undefined) - Success: true
Mapping result for SKU: VEG01E - 001 (ASIN: undefined) - Success: true
Mapping result for SKU: VIN60 Prime (ASIN: undefined) - Success: true
Mapping result for SKU: TATECA001 - 002 (ASIN: undefined) - Success: true
Mapping result for SKU: BAK24 - 002 (ASIN: undefined) - Success: true
Mapping result for SKU: ORI300C - 015 (ASIN: undefined) - Success: true
Mapping result for SKU: BAK30 - 001 Prime (ASIN: undefined) - Success: true
Mapping result for SKU: SOS06D - 001 Prime (ASIN: undefined) - Success: true
Mapping result for SKU: CON12A - Prime (ASIN: undefined) - Success: true
Mapping result for SKU: OIL28 - 001 Prime (ASIN: undefined) - Success: true
Mapping result for SKU: BAK24 - 004 (ASIN: undefined) - Success: true
Mapping result for SKU: FOL05 - 002 Prime (ASIN: undefined) - Success: true
Checking batch of 19 SKUs...
Mapping result for SKU: PAS03 - 001 (ASIN: undefined) - Success: true
Mapping result for SKU: BAR30 - 001 Prime (ASIN: undefined) - Success: true
Mapping result for SKU: CHO31B - 017 (ASIN: undefined) - Success: true
Mapping result for SKU: Bundle - 195 Prime (ASIN: undefined) - Success: true
Mapping result for SKU: KY-B3GZ-JQ9Y (ASIN: undefined) - Success: true
Mapping result for SKU: VIN10 (ASIN: undefined) - Success: true
Mapping result for SKU: CORESA009 - 001 Prime (ASIN: undefined) - Success: true
Mapping result for SKU: CAL04D - 003 (ASIN: undefined) - Success: true
Mapping result for SKU: MCD05 (ASIN: undefined) - Success: true
Mapping result for SKU: ALP09A - 002 (ASIN: undefined) - Success: true
Mapping result for SKU: Bundle - 215 Prime (ASIN: undefined) - Success: true
Mapping result for SKU: TATECA002 - 002 (ASIN: undefined) - Success: true
Mapping result for SKU: LIO02 - 001 Prime (ASIN: undefined) - Success: true
Mapping result for SKU: WRA01 - 001 (ASIN: undefined) - Success: true
Mapping result for SKU: JAM03B - 009 (ASIN: undefined) - Success: true
Mapping result for SKU: JUS04 (ASIN: undefined) - Success: true
Mapping result for SKU: PIC05A - 001 (ASIN: undefined) - Success: true
Mapping result for SKU: MED07D - 004 Prime (ASIN: undefined) - Success: true
Mapping result for SKU: SEE09 - 001 (ASIN: undefined) - Success: true
[2026-04-01T13:21:32.973Z] Run completed. Success: 99, Error: 0
[2026-04-01T13:28:14.210Z] Starting Listing Batch Buy Box check (Run ID: 35)
Retrieved 99 SKUs to monitor.
Checking batch of 20 SKUs...
Mapping result for SKU: OIL02H - 001 (ASIN: undefined) - Success: true
Mapping result for SKU: Chef William - 001 Uk shipping (ASIN: undefined) - Success: true
Mapping result for SKU: ACC01 - 001 (ASIN: undefined) - Success: true
Mapping result for SKU: OSPRIO019 - 001 (ASIN: undefined) - Success: true
Mapping result for SKU: HON27C - 002 (ASIN: undefined) - Success: true
Mapping result for SKU: ACC01 - 001 uk shipping (ASIN: undefined) - Success: true
Mapping result for SKU: CAL02 - 011 Prime (ASIN: undefined) - Success: true
Mapping result for SKU: MONINS27 - 003 (ASIN: undefined) - Success: true
Mapping result for SKU: BAK01B - 001 (ASIN: undefined) - Success: true
Mapping result for SKU: CHO31B - 016 (ASIN: undefined) - Success: true
Mapping result for SKU: CRI35 - 002  One Day (ASIN: undefined) - Success: true
Mapping result for SKU: CAL03A - 012 (ASIN: undefined) - Success: true
Mapping result for SKU: CAL03 - 010 Prime (ASIN: undefined) - Success: true
Mapping result for SKU: CHO31B - 014 (ASIN: undefined) - Success: true
Mapping result for SKU: OIL02H - 001 Prime (ASIN: undefined) - Success: true
Mapping result for SKU: ELSIN001 - 005 Prime (ASIN: undefined) - Success: true
Mapping result for SKU: GRA05 - 004 Prime (ASIN: undefined) - Success: true
Mapping result for SKU: ESS13 - 010 Prime (ASIN: undefined) - Success: true
Mapping result for SKU: VIN22B (ASIN: undefined) - Success: true
Mapping result for SKU: VIN16B - 002 Prime (ASIN: undefined) - Success: true
Checking batch of 20 SKUs...
Mapping result for SKU: UHT31B - 003 Prime (ASIN: undefined) - Success: true
Mapping result for SKU: ELSIN001 - 006 Prime (ASIN: undefined) - Success: true
Mapping result for SKU: FAT00C - 001 Prime (ASIN: undefined) - Success: true
Mapping result for SKU: BAR29 - 002 (ASIN: undefined) - Success: true
Mapping result for SKU: FRU60B - 003 Prime (ASIN: undefined) - Success: true
Mapping result for SKU: CRI50 - 001 (ASIN: undefined) - Success: true
Mapping result for SKU: ORI09C - 001 (ASIN: undefined) - Success: true
Mapping result for SKU: WRA02 - 001 (ASIN: undefined) - Success: true
Mapping result for SKU: UHT03B - 001 Prime (ASIN: undefined) - Success: true
Mapping result for SKU: CRI10 uk shipping (ASIN: undefined) - Success: true
Mapping result for SKU: TAYLOR001 - 001 (ASIN: undefined) - Success: true
Mapping result for SKU: BUNDLE001 - 002 (ASIN: undefined) - Success: true
Mapping result for SKU: TAYLOR010 - 004 Prime (ASIN: undefined) - Success: true
Mapping result for SKU: MED07E - 001 Prime (ASIN: undefined) - Success: true
Mapping result for SKU: CRI10  - 003 (ASIN: undefined) - Success: true
Mapping result for SKU: ELSIN001 - 001 (ASIN: undefined) - Success: true
Mapping result for SKU: TAYLOR012 - 001 Prime (ASIN: undefined) - Success: true
Mapping result for SKU: Bundle - 203 Prime (ASIN: undefined) - Success: true
Mapping result for SKU: CRI39 - 001 Prime (ASIN: undefined) - Success: true
Mapping result for SKU: CAMBR008 - 002 Prime (ASIN: undefined) - Success: true
Checking batch of 20 SKUs...
Mapping result for SKU: HOT04B - 005 (ASIN: undefined) - Success: true
Mapping result for SKU: CRUSHA001 - 003 Prime (ASIN: undefined) - Success: true
Mapping result for SKU: MONINS34 - 001 Prime (ASIN: undefined) - Success: true
Mapping result for SKU: BUNDLE007 - 001 (ASIN: undefined) - Success: true
Mapping result for SKU: FLORA004 - 001 (ASIN: undefined) - Success: true
Mapping result for SKU: PAS03 - 001 Prime (ASIN: undefined) - Success: true
Mapping result for SKU: SPI56A - 001 uk shipping (ASIN: undefined) - Success: true
Mapping result for SKU: FAT03C - 001 (ASIN: undefined) - Success: true
Mapping result for SKU: BUT25D (ASIN: undefined) - Success: true
Mapping result for SKU: MUSTAR03 - 001 One Day (ASIN: undefined) - Success: true
Mapping result for SKU: DRIPINE001 - 001 Prime (ASIN: undefined) - Success: true
Mapping result for SKU: SWE62 - 005 Prime (ASIN: undefined) - Success: true
Mapping result for SKU: CRI50 - 002 (ASIN: undefined) - Success: true
Mapping result for SKU: HEI44 - 001 - Prime (ASIN: undefined) - Success: true
Mapping result for SKU: DRI12 Prime (ASIN: undefined) - Success: true
Mapping result for SKU: CATER003 - 001 (ASIN: undefined) - Success: true
Mapping result for SKU: TAYLOR010 - 002 (ASIN: undefined) - Success: true
Mapping result for SKU: SUG16 - 002 Prime (ASIN: undefined) - Success: true
Mapping result for SKU: OIL02I - 001 One day (ASIN: undefined) - Success: true
Mapping result for SKU: HON27C - 002 Prime (ASIN: undefined) - Success: true
Checking batch of 20 SKUs...
Mapping result for SKU: Bundle - 009 Prime (ASIN: undefined) - Success: true
Mapping result for SKU: CRUSHA004 - 001 (ASIN: undefined) - Success: true
Mapping result for SKU: VIN17 - 001 Prime (ASIN: undefined) - Success: true
Mapping result for SKU: VEG15E - 001 (ASIN: undefined) - Success: true
Mapping result for SKU: CAL28AB - 001 (ASIN: undefined) - Success: true
Mapping result for SKU: TAR10B - 010 Prime (ASIN: undefined) - Success: true
Mapping result for SKU: Bundle - 216 Prime (ASIN: undefined) - Success: true
Mapping result for SKU: CRI10 (ASIN: undefined) - Success: true
Mapping result for SKU: ELSIN001 - 007 (ASIN: undefined) - Success: true
Mapping result for SKU: VEG01E - 001 (ASIN: undefined) - Success: true
Mapping result for SKU: VIN60 Prime (ASIN: undefined) - Success: true
Mapping result for SKU: TATECA001 - 002 (ASIN: undefined) - Success: true
Mapping result for SKU: BAK24 - 002 (ASIN: undefined) - Success: true
Mapping result for SKU: ORI300C - 015 (ASIN: undefined) - Success: true
Mapping result for SKU: BAK30 - 001 Prime (ASIN: undefined) - Success: true
Mapping result for SKU: SOS06D - 001 Prime (ASIN: undefined) - Success: true
Mapping result for SKU: CON12A - Prime (ASIN: undefined) - Success: true
Mapping result for SKU: OIL28 - 001 Prime (ASIN: undefined) - Success: true
Mapping result for SKU: BAK24 - 004 (ASIN: undefined) - Success: true
Mapping result for SKU: FOL05 - 002 Prime (ASIN: undefined) - Success: true
Checking batch of 19 SKUs...
Mapping result for SKU: PAS03 - 001 (ASIN: undefined) - Success: true
Mapping result for SKU: BAR30 - 001 Prime (ASIN: undefined) - Success: true
Mapping result for SKU: CHO31B - 017 (ASIN: undefined) - Success: true
Mapping result for SKU: Bundle - 195 Prime (ASIN: undefined) - Success: true
Mapping result for SKU: KY-B3GZ-JQ9Y (ASIN: undefined) - Success: true
Mapping result for SKU: VIN10 (ASIN: undefined) - Success: true
Mapping result for SKU: CORESA009 - 001 Prime (ASIN: undefined) - Success: true
Mapping result for SKU: CAL04D - 003 (ASIN: undefined) - Success: true
Mapping result for SKU: MCD05 (ASIN: undefined) - Success: true
Mapping result for SKU: ALP09A - 002 (ASIN: undefined) - Success: true
Mapping result for SKU: Bundle - 215 Prime (ASIN: undefined) - Success: true
Mapping result for SKU: TATECA002 - 002 (ASIN: undefined) - Success: true
Mapping result for SKU: LIO02 - 001 Prime (ASIN: undefined) - Success: true
Mapping result for SKU: WRA01 - 001 (ASIN: undefined) - Success: true
Mapping result for SKU: JAM03B - 009 (ASIN: undefined) - Success: true
Mapping result for SKU: JUS04 (ASIN: undefined) - Success: true
Mapping result for SKU: PIC05A - 001 (ASIN: undefined) - Success: true
Mapping result for SKU: MED07D - 004 Prime (ASIN: undefined) - Success: true
Mapping result for SKU: SEE09 - 001 (ASIN: undefined) - Success: true
[2026-04-01T13:28:54.303Z] Run completed. Success: 99, Error: 0
[2026-04-01T13:29:06.053Z] Starting Listing Batch Buy Box check (Run ID: 36)
Retrieved 99 SKUs to monitor.
Checking batch of 20 SKUs...
Mapping result for SKU: OIL02H - 001 (ASIN: undefined) - Success: true
Mapping result for SKU: Chef William - 001 Uk shipping (ASIN: undefined) - Success: true
Mapping result for SKU: ACC01 - 001 (ASIN: undefined) - Success: true
Mapping result for SKU: OSPRIO019 - 001 (ASIN: undefined) - Success: true
Mapping result for SKU: HON27C - 002 (ASIN: undefined) - Success: true
Mapping result for SKU: ACC01 - 001 uk shipping (ASIN: undefined) - Success: true
Mapping result for SKU: CAL02 - 011 Prime (ASIN: undefined) - Success: true
Mapping result for SKU: MONINS27 - 003 (ASIN: undefined) - Success: true
Mapping result for SKU: BAK01B - 001 (ASIN: undefined) - Success: true
Mapping result for SKU: CHO31B - 016 (ASIN: undefined) - Success: true
Mapping result for SKU: CRI35 - 002  One Day (ASIN: undefined) - Success: true
Mapping result for SKU: CAL03A - 012 (ASIN: undefined) - Success: true
Mapping result for SKU: CAL03 - 010 Prime (ASIN: undefined) - Success: true
Mapping result for SKU: CHO31B - 014 (ASIN: undefined) - Success: true
Mapping result for SKU: OIL02H - 001 Prime (ASIN: undefined) - Success: true
Mapping result for SKU: ELSIN001 - 005 Prime (ASIN: undefined) - Success: true
Mapping result for SKU: GRA05 - 004 Prime (ASIN: undefined) - Success: true
Mapping result for SKU: ESS13 - 010 Prime (ASIN: undefined) - Success: true
Mapping result for SKU: VIN22B (ASIN: undefined) - Success: true
Mapping result for SKU: VIN16B - 002 Prime (ASIN: undefined) - Success: true
Checking batch of 20 SKUs...
Mapping result for SKU: UHT31B - 003 Prime (ASIN: undefined) - Success: true
Mapping result for SKU: ELSIN001 - 006 Prime (ASIN: undefined) - Success: true
Mapping result for SKU: FAT00C - 001 Prime (ASIN: undefined) - Success: true
Mapping result for SKU: BAR29 - 002 (ASIN: undefined) - Success: true
Mapping result for SKU: FRU60B - 003 Prime (ASIN: undefined) - Success: true
Mapping result for SKU: CRI50 - 001 (ASIN: undefined) - Success: true
Mapping result for SKU: ORI09C - 001 (ASIN: undefined) - Success: true
Mapping result for SKU: WRA02 - 001 (ASIN: undefined) - Success: true
Mapping result for SKU: UHT03B - 001 Prime (ASIN: undefined) - Success: true
Mapping result for SKU: CRI10 uk shipping (ASIN: undefined) - Success: true
Mapping result for SKU: TAYLOR001 - 001 (ASIN: undefined) - Success: true
Mapping result for SKU: BUNDLE001 - 002 (ASIN: undefined) - Success: true
Mapping result for SKU: TAYLOR010 - 004 Prime (ASIN: undefined) - Success: true
Mapping result for SKU: MED07E - 001 Prime (ASIN: undefined) - Success: true
Mapping result for SKU: CRI10  - 003 (ASIN: undefined) - Success: true
Mapping result for SKU: ELSIN001 - 001 (ASIN: undefined) - Success: true
Mapping result for SKU: TAYLOR012 - 001 Prime (ASIN: undefined) - Success: true
Mapping result for SKU: Bundle - 203 Prime (ASIN: undefined) - Success: true
Mapping result for SKU: CRI39 - 001 Prime (ASIN: undefined) - Success: true
Mapping result for SKU: CAMBR008 - 002 Prime (ASIN: undefined) - Success: true
Checking batch of 20 SKUs...
Mapping result for SKU: HOT04B - 005 (ASIN: undefined) - Success: true
Mapping result for SKU: CRUSHA001 - 003 Prime (ASIN: undefined) - Success: true
Mapping result for SKU: MONINS34 - 001 Prime (ASIN: undefined) - Success: true
Mapping result for SKU: BUNDLE007 - 001 (ASIN: undefined) - Success: true
Mapping result for SKU: FLORA004 - 001 (ASIN: undefined) - Success: true
Mapping result for SKU: PAS03 - 001 Prime (ASIN: undefined) - Success: true
Mapping result for SKU: SPI56A - 001 uk shipping (ASIN: undefined) - Success: true
Mapping result for SKU: FAT03C - 001 (ASIN: undefined) - Success: true
Mapping result for SKU: BUT25D (ASIN: undefined) - Success: true
Mapping result for SKU: MUSTAR03 - 001 One Day (ASIN: undefined) - Success: true
Mapping result for SKU: DRIPINE001 - 001 Prime (ASIN: undefined) - Success: true
Mapping result for SKU: SWE62 - 005 Prime (ASIN: undefined) - Success: true
Mapping result for SKU: CRI50 - 002 (ASIN: undefined) - Success: true
Mapping result for SKU: HEI44 - 001 - Prime (ASIN: undefined) - Success: true
Mapping result for SKU: DRI12 Prime (ASIN: undefined) - Success: true
Mapping result for SKU: CATER003 - 001 (ASIN: undefined) - Success: true
Mapping result for SKU: TAYLOR010 - 002 (ASIN: undefined) - Success: true
Mapping result for SKU: SUG16 - 002 Prime (ASIN: undefined) - Success: true
Mapping result for SKU: OIL02I - 001 One day (ASIN: undefined) - Success: true
Mapping result for SKU: HON27C - 002 Prime (ASIN: undefined) - Success: true
Checking batch of 20 SKUs...
Mapping result for SKU: Bundle - 009 Prime (ASIN: undefined) - Success: true
Mapping result for SKU: CRUSHA004 - 001 (ASIN: undefined) - Success: true
Mapping result for SKU: VIN17 - 001 Prime (ASIN: undefined) - Success: true
Mapping result for SKU: VEG15E - 001 (ASIN: undefined) - Success: true
Mapping result for SKU: CAL28AB - 001 (ASIN: undefined) - Success: true
Mapping result for SKU: TAR10B - 010 Prime (ASIN: undefined) - Success: true
Mapping result for SKU: Bundle - 216 Prime (ASIN: undefined) - Success: true
Mapping result for SKU: CRI10 (ASIN: undefined) - Success: true
Mapping result for SKU: ELSIN001 - 007 (ASIN: undefined) - Success: true
Mapping result for SKU: VEG01E - 001 (ASIN: undefined) - Success: true
Mapping result for SKU: VIN60 Prime (ASIN: undefined) - Success: true
Mapping result for SKU: TATECA001 - 002 (ASIN: undefined) - Success: true
Mapping result for SKU: BAK24 - 002 (ASIN: undefined) - Success: true
Mapping result for SKU: ORI300C - 015 (ASIN: undefined) - Success: true
Mapping result for SKU: BAK30 - 001 Prime (ASIN: undefined) - Success: true
Mapping result for SKU: SOS06D - 001 Prime (ASIN: undefined) - Success: true
Mapping result for SKU: CON12A - Prime (ASIN: undefined) - Success: true
Mapping result for SKU: OIL28 - 001 Prime (ASIN: undefined) - Success: true
Mapping result for SKU: BAK24 - 004 (ASIN: undefined) - Success: true
Mapping result for SKU: FOL05 - 002 Prime (ASIN: undefined) - Success: true
Checking batch of 19 SKUs...
Mapping result for SKU: PAS03 - 001 (ASIN: undefined) - Success: true
Mapping result for SKU: BAR30 - 001 Prime (ASIN: undefined) - Success: true
Mapping result for SKU: CHO31B - 017 (ASIN: undefined) - Success: true
Mapping result for SKU: Bundle - 195 Prime (ASIN: undefined) - Success: true
Mapping result for SKU: KY-B3GZ-JQ9Y (ASIN: undefined) - Success: true
Mapping result for SKU: VIN10 (ASIN: undefined) - Success: true
Mapping result for SKU: CORESA009 - 001 Prime (ASIN: undefined) - Success: true
Mapping result for SKU: CAL04D - 003 (ASIN: undefined) - Success: true
Mapping result for SKU: MCD05 (ASIN: undefined) - Success: true
Mapping result for SKU: ALP09A - 002 (ASIN: undefined) - Success: true
Mapping result for SKU: Bundle - 215 Prime (ASIN: undefined) - Success: true
Mapping result for SKU: TATECA002 - 002 (ASIN: undefined) - Success: true
Mapping result for SKU: LIO02 - 001 Prime (ASIN: undefined) - Success: true
Mapping result for SKU: WRA01 - 001 (ASIN: undefined) - Success: true
Mapping result for SKU: JAM03B - 009 (ASIN: undefined) - Success: true
Mapping result for SKU: JUS04 (ASIN: undefined) - Success: true
Mapping result for SKU: PIC05A - 001 (ASIN: undefined) - Success: true
Mapping result for SKU: MED07D - 004 Prime (ASIN: undefined) - Success: true
Mapping result for SKU: SEE09 - 001 (ASIN: undefined) - Success: true
[2026-04-01T13:29:46.173Z] Run completed. Success: 99, Error: 0
